---------------------------------------------------
M.U.G.E.N ver 1.1.0 Beta 1 P1 (2013.08.11) status log
---------------------------------------------------
Parsing command line...
Command line: D:\Downloads\mugen-1.1b1(1)\mugen-1.1b1\mugen.exe
Parse command line OK
Initializing...
Allocating game variables
Reading configuration file...Setting language "en".
OK
Initializing timer...performance timer enabled...frequency 10000000...OK
Initializing keyboard...configuring...OK
Initializing input engine...OK
Initializing sound...OK
Initializing BGM...  OK
Initializing graphics...gameCoord 1280x720...render mode 2_4...trying 1280x720x32 mode 0x0...success...OK
Setting callbacks...OK
Initializing font...OK
Initializing game variables...OK
Session RNG seed is 1567659041
Loading system fonts...OK
Loading options...
Initializing pads...failed
Reinitializing input engine...OK
Remapping keys...OK
Reinitializing input engine...OK
Options loaded OK
Loading system...
  Load system file system.def...OK
  Load system spr...OK
  Load system snd...OK
  Load system fonts...OK
  Load system anim...OK
  Load [Title Info]...OK
  Load [Option Info]...OK
  Load [Select Info]...OK
  Load [VS Screen]...OK
  Load [Victory Screen]...Couldn't load
  Load [Demo Mode]...OK
  Load [Continue Screen]...OK
  Load [Game Over Screen]...OK
  Load [Win Screen]...OK
  Load TitleBG...VersusBG...VictoryBG...Error loading VictoryBG
SelectBG...OptionBG...OK
  Loading fight data
    Opening fight data file data/3s/sf3ts_lifebars.def...OK
    Reading [Files]...OK
    Loading fonts...OK
    Load fight anim...OK
    Reading [Lifebar]...[Turns Lifebar]...[Simul Lifebar]...[Powerbar]...
    [Face]...[Simul Face]...[Turns Face]...
    [Name]...[Simul Name]...[Turns Name]...
    [Time]...[Combo]...[Round]...[WinIcon]...OK
    Allocating explods...OK
  Fight data loaded OK
Lua initing
Lua init complete
System loaded OK
Setting game resolution 1280x960...OK
Initialize OK
Set up graphics...timer...OK

Entering gameflow loop
Gameflow 0
Gameflow 1
Gameflow 2
Initializing character info...OK
Initializing select screen...finding characters...
  Error reading character file: chars/==       blank. portrait area        ==/==       blank. portrait area        ==.def

  Error reading character file: chars/==       blank. portrait area        ==/==       blank. portrait area        ==.def

  Error reading character file: chars/==       blank. portrait area        ==/==       blank. portrait area        ==.def

  Error reading character file: chars/==       blank. portrait area        ==/==       blank. portrait area        ==.def

  Error reading character file: chars/==       blank. portrait area        ==/==       blank. portrait area        ==.def

  Error reading character file: chars/==       blank. portrait area        ==/==       blank. portrait area        ==.def

  Error reading character file: chars/==       blank. portrait area        ==/==       blank. portrait area        ==.def

  Error reading character file: chars/==       blank. portrait area        ==/==       blank. portrait area        ==.def

  Error reading character file: chars/======= Insert secret char Here ===============/======= Insert secret char Here ===============.def

  Error reading character file: chars/======= Insert secret char Here ===============/======= Insert secret char Here ===============.def

  Error reading character file: chars/_____________________________________________/_____________________________________________.def

  Error reading character file: chars/|                                             |/|                                             |.def

  Error reading character file: chars/|                                             |/|                                             |.def

  Error reading character file: chars/|                                             |/|                                             |.def

  Error reading character file: chars/|         DO NOT REMOVE THIS BOX              |/|         DO NOT REMOVE THIS BOX              |.def

  Error reading character file: chars/|            (CPU characters)                 |/|            (CPU characters)                 |.def

  Error reading character file: chars/|                                             |/|                                             |.def

  Error reading character file: chars/|                                             |/|                                             |.def

  Error reading character file: chars/|_____________________________________________|/|_____________________________________________|.def

  Error reading character file: chars/==       blank. portrait area        ==/==       blank. portrait area        ==.def

  Error reading character file: chars/==       blank. portrait area        ==/==       blank. portrait area        ==.def

  Error reading character file: chars/==       blank. portrait area        ==/==       blank. portrait area        ==.def

  Error reading character file: chars/==       blank. portrait area        ==/==       blank. portrait area        ==.def

  Error reading character file: chars/==       blank. portrait area        ==/==       blank. portrait area        ==.def

  Error reading character file: chars/==       blank. portrait area        ==/==       blank. portrait area        ==.def

  Error reading character file: chars/==       blank. portrait area        ==/==       blank. portrait area        ==.def

  Error reading character file: chars/==       blank. portrait area        ==/==       blank. portrait area        ==.def

  Error reading character file: chars/======= Insert secret char Here ===============/======= Insert secret char Here ===============.def

  Error reading character file: chars/======= Insert secret char Here ===============/======= Insert secret char Here ===============.def

  Error reading character file: chars/_____________________________________________/_____________________________________________.def

  Error reading character file: chars/|                                             |/|                                             |.def

  Error reading character file: chars/|                                             |/|                                             |.def

  Error reading character file: chars/|                                             |/|                                             |.def

  Error reading character file: chars/|         DO NOT REMOVE THIS BOX              |/|         DO NOT REMOVE THIS BOX              |.def

  Error reading character file: chars/|            (CPU characters)                 |/|            (CPU characters)                 |.def

  Error reading character file: chars/|                                             |/|                                             |.def

  Error reading character file: chars/|                                             |/|                                             |.def

  Error reading character file: chars/|_____________________________________________|/|_____________________________________________|.def

  Error reading character file: chars/==       blank. portrait area        ==/==       blank. portrait area        ==.def

  Error reading character file: chars/==       blank. portrait area        ==/==       blank. portrait area        ==.def

  Error reading character file: chars/==       blank. portrait area        ==/==       blank. portrait area        ==.def

  Error reading character file: chars/==       blank. portrait area        ==/==       blank. portrait area        ==.def

  Error reading character file: chars/==       blank. portrait area        ==/==       blank. portrait area        ==.def

  Error reading character file: chars/==       blank. portrait area        ==/==       blank. portrait area        ==.def

  Error reading character file: chars/==       blank. portrait area        ==/==       blank. portrait area        ==.def

  Error reading character file: chars/==       blank. portrait area        ==/==       blank. portrait area        ==.def

  Error reading character file: chars/======= Insert secret char Here ===============/======= Insert secret char Here ===============.def

  Error reading character file: chars/======= Insert secret char Here ===============/======= Insert secret char Here ===============.def

  Error reading character file: chars/_____________________________________________/_____________________________________________.def

  Error reading character file: chars/|                                             |/|                                             |.def

  Error reading character file: chars/|                                             |/|                                             |.def

  Error reading character file: chars/|                                             |/|                                             |.def

  Error reading character file: chars/|         DO NOT REMOVE THIS BOX              |/|         DO NOT REMOVE THIS BOX              |.def

  Error reading character file: chars/|            (CPU characters)                 |/|            (CPU characters)                 |.def

  Error reading character file: chars/|                                             |/|                                             |.def

  Error reading character file: chars/|                                             |/|                                             |.def

  Error reading character file: chars/|_____________________________________________|/|_____________________________________________|.def

  Error reading character file: chars/==       blank. portrait area        ==/==       blank. portrait area        ==.def

  Error reading character file: chars/==       blank. portrait area        ==/==       blank. portrait area        ==.def

  Error reading character file: chars/==       blank. portrait area        ==/==       blank. portrait area        ==.def

  Error reading character file: chars/==       blank. portrait area        ==/==       blank. portrait area        ==.def

  Error reading character file: chars/==       blank. portrait area        ==/==       blank. portrait area        ==.def

  Error reading character file: chars/==       blank. portrait area        ==/==       blank. portrait area        ==.def

  Error reading character file: chars/==       blank. portrait area        ==/==       blank. portrait area        ==.def

  Error reading character file: chars/==       blank. portrait area        ==/==       blank. portrait area        ==.def

  Error reading character file: chars/======= Insert secret char Here ===============/======= Insert secret char Here ===============.def

  Error reading character file: chars/======= Insert secret char Here ===============/======= Insert secret char Here ===============.def

  Error reading character file: chars/_____________________________________________/_____________________________________________.def

  Error reading character file: chars/|                                             |/|                                             |.def

  Error reading character file: chars/|                                             |/|                                             |.def

  Error reading character file: chars/|                                             |/|                                             |.def

  Error reading character file: chars/|         DO NOT REMOVE THIS BOX              |/|         DO NOT REMOVE THIS BOX              |.def

  Error reading character file: chars/|            (CPU characters)                 |/|            (CPU characters)                 |.def

  Error reading character file: chars/|                                             |/|                                             |.def

  Error reading character file: chars/|                                             |/|                                             |.def

  Error reading character file: chars/|_____________________________________________|/|_____________________________________________|.def

  Error reading character file: chars/==       blank. portrait area        ==/==       blank. portrait area        ==.def

  Error reading character file: chars/==       blank. portrait area        ==/==       blank. portrait area        ==.def

  Error reading character file: chars/==       blank. portrait area        ==/==       blank. portrait area        ==.def

  Error reading character file: chars/==       blank. portrait area        ==/==       blank. portrait area        ==.def

  Error reading character file: chars/==       blank. portrait area        ==/==       blank. portrait area        ==.def

  Error reading character file: chars/==       blank. portrait area        ==/==       blank. portrait area        ==.def

  Error reading character file: chars/==       blank. portrait area        ==/==       blank. portrait area        ==.def

  Error reading character file: chars/==       blank. portrait area        ==/==       blank. portrait area        ==.def

  Error reading character file: chars/======= Insert secret char Here ===============/======= Insert secret char Here ===============.def

  Error reading character file: chars/======= Insert secret char Here ===============/======= Insert secret char Here ===============.def

  Error reading character file: chars/_____________________________________________/_____________________________________________.def

  Error reading character file: chars/|                                             |/|                                             |.def

  Error reading character file: chars/|                                             |/|                                             |.def

  Error reading character file: chars/|                                             |/|                                             |.def

  Error reading character file: chars/|         DO NOT REMOVE THIS BOX              |/|         DO NOT REMOVE THIS BOX              |.def

  Error reading character file: chars/|            (CPU characters)                 |/|            (CPU characters)                 |.def

  Error reading character file: chars/|                                             |/|                                             |.def

  Error reading character file: chars/|                                             |/|                                             |.def

  Error reading character file: chars/|_____________________________________________|/|_____________________________________________|.def

  Error reading character file: chars/==       blank. portrait area        ==/==       blank. portrait area        ==.def

  Error reading character file: chars/==       blank. portrait area        ==/==       blank. portrait area        ==.def

  Error reading character file: chars/==       blank. portrait area        ==/==       blank. portrait area        ==.def

  Error reading character file: chars/==       blank. portrait area        ==/==       blank. portrait area        ==.def

  Error reading character file: chars/==       blank. portrait area        ==/==       blank. portrait area        ==.def

  Error reading character file: chars/==       blank. portrait area        ==/==       blank. portrait area        ==.def

  Error reading character file: chars/==       blank. portrait area        ==/==       blank. portrait area        ==.def

  Error reading character file: chars/==       blank. portrait area        ==/==       blank. portrait area        ==.def

  Error reading character file: chars/======= Insert secret char Here ===============/======= Insert secret char Here ===============.def

  Error reading character file: chars/======= Insert secret char Here ===============/======= Insert secret char Here ===============.def

  Error reading character file: chars/_____________________________________________/_____________________________________________.def

  Error reading character file: chars/|                                             |/|                                             |.def

  Error reading character file: chars/|                                             |/|                                             |.def

  Error reading character file: chars/|                                             |/|                                             |.def

  Error reading character file: chars/|         DO NOT REMOVE THIS BOX              |/|         DO NOT REMOVE THIS BOX              |.def

  Error reading character file: chars/|            (CPU characters)                 |/|            (CPU characters)                 |.def

  Error reading character file: chars/|                                             |/|                                             |.def

  Error reading character file: chars/|                                             |/|                                             |.def

  Error reading character file: chars/|_____________________________________________|/|_____________________________________________|.def

  Error reading character file: chars/==       blank. portrait area        ==/==       blank. portrait area        ==.def

  Error reading character file: chars/==       blank. portrait area        ==/==       blank. portrait area        ==.def

  Error reading character file: chars/==       blank. portrait area        ==/==       blank. portrait area        ==.def

  Error reading character file: chars/==       blank. portrait area        ==/==       blank. portrait area        ==.def

  Error reading character file: chars/==       blank. portrait area        ==/==       blank. portrait area        ==.def

  Error reading character file: chars/==       blank. portrait area        ==/==       blank. portrait area        ==.def

  Error reading character file: chars/==       blank. portrait area        ==/==       blank. portrait area        ==.def

  Error reading character file: chars/==       blank. portrait area        ==/==       blank. portrait area        ==.def

  Error reading character file: chars/======= Insert secret char Here ===============/======= Insert secret char Here ===============.def

  Error reading character file: chars/======= Insert secret char Here ===============/======= Insert secret char Here ===============.def

  Error reading character file: chars/_____________________________________________/_____________________________________________.def

  Error reading character file: chars/|                                             |/|                                             |.def

  Error reading character file: chars/|                                             |/|                                             |.def

  Error reading character file: chars/|                                             |/|                                             |.def

  Error reading character file: chars/|         DO NOT REMOVE THIS BOX              |/|         DO NOT REMOVE THIS BOX              |.def

  Error reading character file: chars/|            (CPU characters)                 |/|            (CPU characters)                 |.def

  Error reading character file: chars/|                                             |/|                                             |.def

  Error reading character file: chars/|                                             |/|                                             |.def

  Error reading character file: chars/|_____________________________________________|/|_____________________________________________|.def

  Error reading character file: chars/_/_.def

  Error reading character file: chars/|/|.def

  Error reading character file: chars/|/|.def

  Error reading character file: chars/|/|.def

  Error reading character file: chars/|/|.def

  Error reading character file: chars/|/|.def

  Error reading character file: chars/|_________/|_________.def

  Error reading character file: chars/|         |/|         |.def

  Error reading character file: chars/|         |/|         |.def

  Error reading character file: chars/|       THIS AREA MUST NOT BE REMOVED/|       THIS AREA MUST NOT BE REMOVED.def

  Error reading character file: chars/|-------FOR CPU-ONLY CHARACTERS/|-------FOR CPU-ONLY CHARACTERS.def

  Error reading character file: chars/|       TO WORK PROPERLY/|       TO WORK PROPERLY.def

  Error reading character file: chars/|         |/|         |.def

  Error reading character file: chars/|_________|/|_________|.def

  Error reading character file: chars/|/|.def

  Error reading character file: chars/|/|.def

  Error reading character file: chars/|/|.def

  Error reading character file: chars/|/|.def

  Error reading character file: chars/|/|.def

  Error reading character file: chars/|/|.def

  Error reading character file: chars/|/|.def

  Error reading character file: chars/_|/_|.def

  Error reading character file: chars/_/_.def

  Error reading character file: chars/|/|.def

  Error reading character file: chars/|/|.def

  Error reading character file: chars/|/|.def

  Error reading character file: chars/|/|.def

  Error reading character file: chars/|/|.def

  Error reading character file: chars/|_________/|_________.def

  Error reading character file: chars/|         |/|         |.def

  Error reading character file: chars/|         |/|         |.def

  Error reading character file: chars/|       THIS AREA MUST NOT BE REMOVED/|       THIS AREA MUST NOT BE REMOVED.def

  Error reading character file: chars/|-------FOR CPU-ONLY CHARACTERS/|-------FOR CPU-ONLY CHARACTERS.def

  Error reading character file: chars/|       TO WORK PROPERLY/|       TO WORK PROPERLY.def

  Error reading character file: chars/|         |/|         |.def

  Error reading character file: chars/|_________|/|_________|.def

  Error reading character file: chars/|/|.def

  Error reading character file: chars/|/|.def

  Error reading character file: chars/|/|.def

  Error reading character file: chars/|/|.def

  Error reading character file: chars/|/|.def

  Error reading character file: chars/|/|.def

  Error reading character file: chars/|/|.def

  Error reading character file: chars/_|/_|.def

  Error reading character file: chars/_____________________________________________/_____________________________________________.def

  Error reading character file: chars/|                                             |/|                                             |.def

  Error reading character file: chars/|                                             |/|                                             |.def

  Error reading character file: chars/|                                             |/|                                             |.def

  Error reading character file: chars/|                                             |/|                                             |.def

  Error reading character file: chars/|                                             |/|                                             |.def

  Error reading character file: chars/|                                             |/|                                             |.def

  Error reading character file: chars/|  DO NOT REMOVE THIS BOX  (CPU characters)   |/|  DO NOT REMOVE THIS BOX  (CPU characters)   |.def

  Error reading character file: chars/|                                             |/|                                             |.def

  Error reading character file: chars/|                                             |/|                                             |.def

  Error reading character file: chars/|                                             |/|                                             |.def

  Error reading character file: chars/|                                             |/|                                             |.def

  Error reading character file: chars/|_____________________________________________|/|_____________________________________________|.def

  Error reading character file: chars/==========Insert CPU-ONLY character in this line============/==========Insert CPU-ONLY character in this line============.def

  Error reading character file: chars/==========Insert CPU-ONLY character in this line============/==========Insert CPU-ONLY character in this line============.def

  Error reading character file: chars/==========Insert CPU-ONLY character in this line============/==========Insert CPU-ONLY character in this line============.def

  Error reading character file: chars/==========Insert CPU-ONLY character in this line============/==========Insert CPU-ONLY character in this line============.def

  Error reading character file: chars/==========Insert CPU-ONLY character in this line============/==========Insert CPU-ONLY character in this line============.def

  Error reading character file: chars/==========Insert CPU-ONLY character in this line============/==========Insert CPU-ONLY character in this line============.def

  Error reading character file: chars/==========Insert CPU-ONLY character in this line============/==========Insert CPU-ONLY character in this line============.def

  Error reading character file: chars/_____________________________________________/_____________________________________________.def

  Error reading character file: chars/|                                             |/|                                             |.def

  Error reading character file: chars/|                                             |/|                                             |.def

  Error reading character file: chars/|                                             |/|                                             |.def

  Error reading character file: chars/|                                             |/|                                             |.def

  Error reading character file: chars/|                                             |/|                                             |.def

  Error reading character file: chars/|                                             |/|                                             |.def

  Error reading character file: chars/|  DO NOT REMOVE THIS BOX  (CPU characters)   |/|  DO NOT REMOVE THIS BOX  (CPU characters)   |.def

  Error reading character file: chars/|                                             |/|                                             |.def

  Error reading character file: chars/|                                             |/|                                             |.def

  Error reading character file: chars/|                                             |/|                                             |.def

  Error reading character file: chars/|                                             |/|                                             |.def

  Error reading character file: chars/|_____________________________________________|/|_____________________________________________|.def

  Error reading character file: chars/==========Insert CPU-ONLY character in this line============/==========Insert CPU-ONLY character in this line============.def

  Error reading character file: chars/==========Insert CPU-ONLY character in this line============/==========Insert CPU-ONLY character in this line============.def

  Error reading character file: chars/==========Insert CPU-ONLY character in this line============/==========Insert CPU-ONLY character in this line============.def

  Error reading character file: chars/==========Insert CPU-ONLY character in this line============/==========Insert CPU-ONLY character in this line============.def

  Error reading character file: chars/==========Insert CPU-ONLY character in this line============/==========Insert CPU-ONLY character in this line============.def

  Error reading character file: chars/==========Insert CPU-ONLY character in this line============/==========Insert CPU-ONLY character in this line============.def

  Error reading character file: chars/==========Insert CPU-ONLY character in this line============/==========Insert CPU-ONLY character in this line============.def

  Error reading character file: chars/==========Insert CPU-ONLY character in this line============/==========Insert CPU-ONLY character in this line============.def

  Error reading character file: chars/==========Insert CPU-ONLY character in this line============/==========Insert CPU-ONLY character in this line============.def

  Error reading character file: chars/_____________________________________________/_____________________________________________.def

  Error reading character file: chars/|                                             |/|                                             |.def

  Error reading character file: chars/|                                             |/|                                             |.def

  Error reading character file: chars/|                                             |/|                                             |.def

  Error reading character file: chars/|                                             |/|                                             |.def

  Error reading character file: chars/|                                             |/|                                             |.def

  Error reading character file: chars/|                                             |/|                                             |.def

  Error reading character file: chars/|  DO NOT REMOVE THIS BOX  (CPU characters)   |/|  DO NOT REMOVE THIS BOX  (CPU characters)   |.def

  Error reading character file: chars/|                                             |/|                                             |.def

  Error reading character file: chars/|                                             |/|                                             |.def

  Error reading character file: chars/|                                             |/|                                             |.def

  Error reading character file: chars/|                                             |/|                                             |.def

  Error reading character file: chars/|_____________________________________________|/|_____________________________________________|.def

  Error reading character file: chars/==========Insert CPU-ONLY character in this line============/==========Insert CPU-ONLY character in this line============.def

  Error reading character file: chars/==========Insert CPU-ONLY character in this line============/==========Insert CPU-ONLY character in this line============.def

  Error reading character file: chars/==========Insert CPU-ONLY character in this line============/==========Insert CPU-ONLY character in this line============.def

  Error reading character file: chars/==========Insert CPU-ONLY character in this line============/==========Insert CPU-ONLY character in this line============.def

  Error reading character file: chars/==========Insert CPU-ONLY character in this line============/==========Insert CPU-ONLY character in this line============.def

  Error reading character file: chars/==========Insert CPU-ONLY character in this line============/==========Insert CPU-ONLY character in this line============.def

  Error reading character file: chars/==========Insert CPU-ONLY character in this line============/==========Insert CPU-ONLY character in this line============.def

  Error reading character file: chars/==========Insert CPU-ONLY character in this line============/==========Insert CPU-ONLY character in this line============.def

  Error reading character file: chars/==========Insert CPU-ONLY character in this line============/==========Insert CPU-ONLY character in this line============.def

  Error reading character file: chars/_/_.def

  Error reading character file: chars/|/|.def

  Error reading character file: chars/|/|.def

  Error reading character file: chars/|/|.def

  Error reading character file: chars/|/|.def

  Error reading character file: chars/|/|.def

  Error reading character file: chars/|_________/|_________.def

  Error reading character file: chars/|         |/|         |.def

  Error reading character file: chars/|         |/|         |.def

  Error reading character file: chars/|       THIS AREA MUST NOT BE REMOVED/|       THIS AREA MUST NOT BE REMOVED.def

  Error reading character file: chars/|-------FOR CPU-ONLY CHARACTERS/|-------FOR CPU-ONLY CHARACTERS.def

  Error reading character file: chars/|       TO WORK PROPERLY/|       TO WORK PROPERLY.def

  Error reading character file: chars/|         |/|         |.def

  Error reading character file: chars/|_________|/|_________|.def

  Error reading character file: chars/|/|.def

  Error reading character file: chars/|/|.def

  Error reading character file: chars/|/|.def

  Error reading character file: chars/|/|.def

  Error reading character file: chars/|/|.def

  Error reading character file: chars/|/|.def

  Error reading character file: chars/|/|.def

  Error reading character file: chars/_|/_|.def
OK
Gameflow 3
Gameflow 4
Entering mode select.
Unloading match assets
Freeing players
Game loop init
Mode select init
End of mode select loop
Game loop deinit
Gameflow 6
Reset persist vars team 0
Reset persist vars team 1
Gameflow 7
Entering character select.
Unloading match assets
Freeing players
Game loop init
Unreserved all palettes
Charsel init
Selected char 6 on teamslot 0.0
Char harambe.def (6) request pal 0 3 (3) -> reserved 0 (2)
End of charsel loop
Game loop deinit
Gameflow 8
Char edi.def (0) request pal 5 3F (3F) -> reserved 5 (1F)
Gameflow 9
Playing storyboard intro.def: scene
Unloading match assets
Freeing players
Game loop init
Game loop deinit
Finished playing storyboard intro.def: scene
Gameflow 10
Entering versus screen.
Unloading match assets
Freeing players
Game loop init
Versus screen init
End of versus screen loop
Game loop deinit
Gameflow 11
Loading match assets...
Loading stage...
  Loading BG...OK
Stage loaded OK
  Allocating helpers...OK
Match RNG seed: 137761097
Reset persist vars team 1
Loading character chars/harambe/harambe.def...
  Loading info...OK
  Loading cmd command set GorilaGrodd.cmd...OK
  Loading cns GorilaGrodd.cns...OK
  Loading cns GorilaGrodd_AI_states.cns...OK
  Loading cmd state entry GorilaGrodd.cmd...OK
  Loading common states GG_common1.cns...OK
  Loading sff GorilaGrodd.sff...OK
  Loading anim GorilaGrodd.air...OK
  Loading snd GorilaGrodd.snd...OK
  Loading pals...(1,1)(1,2)OK
  SFF v1.01 palette hack engaged.
  9814 expressions (4164 on trigger lines)
Character harambe.def loaded OK
New char Harambe loaded into cache: (1/6 cached) Load time: 270.000ms
Loading character chars/edi/edi.def...
  Loading info...Info: Zoo Guard loading in pre-1.0 compatible mode
OK
  Loading cmd command set edi.cmd...OK
  Loading cns edi.cns...OK
  Loading cmd state entry edi.cmd...OK
  Loading common states edicommon1.cns...OK
  Loading sff edi.sff...OK
  Loading anim edi.air...OK
  Loading snd edi.snd...OK
  Loading pals...(1,1)(1,2)(1,3)(1,4)(1,5)(1,6)OK
  SFF v1.01 palette hack engaged.
  1136 expressions (525 on trigger lines)
Character edi.def loaded OK
New char Zoo Guard loaded into cache: (2/6 cached) Load time: 30.000ms
Resetting round
Match assets initialized OK
Game loop init
Match loop init
End of match loop
Total time: 21.66s
Total frames: 1517 	Skipped frames: 0
Avg game rate: 70.04
Avg frame rate: 70.04

Finishing match
Freeing players
Save persist vars P56 Harambe
Player Harambe cache count reduced: 0
Save persist vars P57 Zoo Guard
Player Zoo Guard cache count reduced: 0
Match RNG closed
Game loop deinit
Gameflow 6
Reset persist vars team 0
Reset persist vars team 1
Gameflow 7
Entering character select.
Unloading match assets
Freeing players
Unloading stage...OK
Game loop init
Unreserved all palettes
Charsel init
Game loop deinit
Canceled character select.
Gameflow 4
Entering mode select.
Unloading match assets
Freeing players
Game loop init
Mode select init
End of mode select loop
Game loop deinit
Returned from gameflow loop
Deinitializing...
Frames      : 2987
Time elapsed: 46.490 sec
ticks: 4649, tps: 100, start 98, end 4747

Unloading match assets
Freeing players
Clearing player cache...Freeing player RC Zoo Guard...CMD...CNS...SFF...AIR...SND...Misc...OK
Freeing player RC Harambe...CMD...CNS...SFF...AIR...SND...Misc...OK
OK
Freeing character info...OK
Freeing select screen...OK
Freeing fight data...OK
Freeing system data...OK
Freeing game variables...Unloading match assets
Freeing players
OK
Deinitializing input...pad...keyboard...OK
Removing callbacks...OK
Deintializing timer...OK
Deinitializing graphics...OK
Deinitializing BGM...OK
Deinitializing sound...OK
Successful program termination.

Log file successfully closed.
